app/build/intermediates/manifest_merge_blame_file/debug/manifest-merger-blame-debug-report.txt
1<?xml version="1.0" encoding="utf-8"?>
2<manifest xmlns:android="http://schemas.android.com/apk/res/android"
3    package="com.demo"
4    android:installLocation="auto"
5    android:versionCode="11"
6    android:versionName="1.11" >
7    <!--
8 CameraX libraries require minSdkVersion 21, while this quickstart app
9    supports low to 19. Needs to use overrideLibrary to make the merger tool
10    ignore this conflict and import the libraries while keeping the app's lower
11    minSdkVersion value. In code, will check SDK version, before calling CameraX
12    APIs.
13    -->
14    <uses-sdk
14-->src\main\AndroidManifest.xml:12:5-15:63
15        android:minSdkVersion="19"
15-->src\main\AndroidManifest.xml:12:5-15:63
16        android:targetSdkVersion="31" />
16-->src\main\AndroidManifest.xml:12:5-15:63
17
18    <uses-feature android:name="android.hardware.camera" />
18-->src\main\AndroidManifest.xml:17:5-59
18-->src\main\AndroidManifest.xml:17:19-57
19
20    <uses-permission android:name="android.permission.INTERNET" />
20-->src\main\AndroidManifest.xml:19:5-66
20-->src\main\AndroidManifest.xml:19:22-64
21    <uses-permission android:name="android.permission.CAMERA" />
21-->src\main\AndroidManifest.xml:20:5-64
21-->src\main\AndroidManifest.xml:20:22-62
22
23    <queries>
23-->src\main\AndroidManifest.xml:64:5-68:15
24        <intent>
24-->src\main\AndroidManifest.xml:65:9-67:18
25            <action android:name="android.media.action.IMAGE_CAPTURE" />
25-->src\main\AndroidManifest.xml:66:13-73
25-->src\main\AndroidManifest.xml:66:21-70
26        </intent>
27    </queries>
28
29    <!-- For remote config -->
30    <uses-permission android:name="android.permission.ACCESS_NETWORK_STATE" />
30-->[com.google.mlkit:pose-detection-common:18.0.0-beta3] AndroidManifest.xml:7:5-79
30-->[com.google.mlkit:pose-detection-common:18.0.0-beta3] AndroidManifest.xml:7:22-76
31    <uses-permission android:name="android.permission.WAKE_LOCK" />
31-->[androidx.work:work-runtime:2.7.0] AndroidManifest.xml:25:5-68
31-->[androidx.work:work-runtime:2.7.0] AndroidManifest.xml:25:22-65
32    <uses-permission android:name="android.permission.RECEIVE_BOOT_COMPLETED" />
32-->[androidx.work:work-runtime:2.7.0] AndroidManifest.xml:27:5-81
32-->[androidx.work:work-runtime:2.7.0] AndroidManifest.xml:27:22-78
33    <uses-permission android:name="android.permission.FOREGROUND_SERVICE" />
33-->[androidx.work:work-runtime:2.7.0] AndroidManifest.xml:28:5-77
33-->[androidx.work:work-runtime:2.7.0] AndroidManifest.xml:28:22-74
34
35    <application
35-->src\main\AndroidManifest.xml:22:5-63:19
36        android:name="androidx.multidex.MultiDexApplication"
36-->src\main\AndroidManifest.xml:23:9-61
37        android:appComponentFactory="androidx.core.app.CoreComponentFactory"
37-->[androidx.core:core:1.6.0] AndroidManifest.xml:24:18-86
38        android:debuggable="true"
39        android:icon="@drawable/logo_mlkit"
39-->src\main\AndroidManifest.xml:24:9-44
40        android:label="@string/app_name"
40-->src\main\AndroidManifest.xml:25:9-41
41        android:testOnly="true"
42        android:theme="@style/Theme.AppCompat" >
42-->src\main\AndroidManifest.xml:26:9-47
43        <meta-data
43-->src\main\AndroidManifest.xml:28:9-30:68
44            android:name="com.google.android.gms.version"
44-->src\main\AndroidManifest.xml:29:13-58
45            android:value="@integer/google_play_services_version" />
45-->src\main\AndroidManifest.xml:30:13-66
46
47        <!--
48          Optional: Add it to automatically download ML model to device after
49          your app is installed.
50        -->
51        <meta-data
51-->src\main\AndroidManifest.xml:34:9-36:62
52            android:name="com.google.mlkit.vision.DEPENDENCIES"
52-->src\main\AndroidManifest.xml:35:13-64
53            android:value="barcode,face,ocr,ica,custom_ica" />
53-->src\main\AndroidManifest.xml:36:13-60
54
55        <activity
55-->src\main\AndroidManifest.xml:38:9-46:20
56            android:name="com.safeDistnace.EntryChoiceActivity"
56-->src\main\AndroidManifest.xml:39:13-64
57            android:exported="true"
57-->src\main\AndroidManifest.xml:40:13-36
58            android:theme="@style/AppTheme" >
58-->src\main\AndroidManifest.xml:41:13-44
59            <intent-filter>
59-->src\main\AndroidManifest.xml:42:13-45:29
60                <action android:name="android.intent.action.MAIN" />
60-->src\main\AndroidManifest.xml:43:17-68
60-->src\main\AndroidManifest.xml:43:25-66
61
62                <category android:name="android.intent.category.LAUNCHER" />
62-->src\main\AndroidManifest.xml:44:17-76
62-->src\main\AndroidManifest.xml:44:27-74
63            </intent-filter>
64        </activity>
65        <activity
65-->src\main\AndroidManifest.xml:48:9-51:20
66            android:name="com.safeDistnace.kotlin.ChooserActivity"
66-->src\main\AndroidManifest.xml:49:13-67
67            android:exported="false" >
67-->src\main\AndroidManifest.xml:50:13-37
68        </activity>
69        <activity
69-->src\main\AndroidManifest.xml:53:9-57:20
70            android:name="com.safeDistnace.kotlin.CameraXLivePreviewActivity"
70-->src\main\AndroidManifest.xml:54:13-78
71            android:exported="false"
71-->src\main\AndroidManifest.xml:55:13-37
72            android:theme="@style/AppTheme" >
72-->src\main\AndroidManifest.xml:56:13-44
73        </activity>
74        <activity
74-->src\main\AndroidManifest.xml:59:9-61:39
75            android:name="com.safeDistnace.preference.SettingsActivity"
75-->src\main\AndroidManifest.xml:60:13-72
76            android:exported="false" />
76-->src\main\AndroidManifest.xml:61:13-37
77
78        <!--
79             Required for ML Kit Pose Detection GPU acceleration. Applications that target Android
80             S+ require explicit declaration of any referenced vendor-provided libraries.
81        -->
82        <uses-native-library
82-->[com.google.mlkit:pose-detection-common:18.0.0-beta3] AndroidManifest.xml:16:9-18:40
83            android:name="libOpenCL.so"
83-->[com.google.mlkit:pose-detection-common:18.0.0-beta3] AndroidManifest.xml:17:13-40
84            android:required="false" />
84-->[com.google.mlkit:pose-detection-common:18.0.0-beta3] AndroidManifest.xml:18:13-37
85        <uses-native-library
85-->[com.google.mlkit:pose-detection-common:18.0.0-beta3] AndroidManifest.xml:16:9-18:40
86            android:name="libOpenCL-car.so"
86-->[com.google.mlkit:pose-detection-common:18.0.0-beta3] AndroidManifest.xml:17:13-40
87            android:required="false" />
87-->[com.google.mlkit:pose-detection-common:18.0.0-beta3] AndroidManifest.xml:18:13-37
88        <uses-native-library
88-->[com.google.mlkit:pose-detection-common:18.0.0-beta3] AndroidManifest.xml:16:9-18:40
89            android:name="libOpenCL-pixel.so"
89-->[com.google.mlkit:pose-detection-common:18.0.0-beta3] AndroidManifest.xml:17:13-40
90            android:required="false" />
90-->[com.google.mlkit:pose-detection-common:18.0.0-beta3] AndroidManifest.xml:18:13-37
91
92        <service
92-->[com.google.mlkit:pose-detection-common:18.0.0-beta3] AndroidManifest.xml:26:9-32:19
93            android:name="com.google.mlkit.common.internal.MlKitComponentDiscoveryService"
93-->[com.google.mlkit:pose-detection-common:18.0.0-beta3] AndroidManifest.xml:27:13-91
94            android:directBootAware="true"
94-->[com.google.mlkit:common:18.5.0] AndroidManifest.xml:17:13-43
95            android:exported="false" >
95-->[com.google.mlkit:pose-detection-common:18.0.0-beta3] AndroidManifest.xml:28:13-37
96            <meta-data
96-->[com.google.mlkit:pose-detection-common:18.0.0-beta3] AndroidManifest.xml:29:13-31:85
97                android:name="com.google.firebase.components:com.google.mlkit.vision.pose.internal.PoseRegistrar"
97-->[com.google.mlkit:pose-detection-common:18.0.0-beta3] AndroidManifest.xml:30:17-114
98                android:value="com.google.firebase.components.ComponentRegistrar" />
98-->[com.google.mlkit:pose-detection-common:18.0.0-beta3] AndroidManifest.xml:31:17-82
99            <meta-data
99-->[com.google.mlkit:object-detection:17.0.0] AndroidManifest.xml:14:13-16:85
100                android:name="com.google.firebase.components:com.google.mlkit.vision.objects.defaults.internal.DefaultObjectsRegistrar"
100-->[com.google.mlkit:object-detection:17.0.0] AndroidManifest.xml:15:17-136
101                android:value="com.google.firebase.components.ComponentRegistrar" />
101-->[com.google.mlkit:object-detection:17.0.0] AndroidManifest.xml:16:17-82
102            <meta-data
102-->[com.google.mlkit:object-detection-custom:17.0.0] AndroidManifest.xml:11:13-13:85
103                android:name="com.google.firebase.components:com.google.mlkit.vision.objects.custom.internal.CustomObjectsRegistrar"
103-->[com.google.mlkit:object-detection-custom:17.0.0] AndroidManifest.xml:12:17-133
104                android:value="com.google.firebase.components.ComponentRegistrar" />
104-->[com.google.mlkit:object-detection-custom:17.0.0] AndroidManifest.xml:13:17-82
105            <meta-data
105-->[com.google.mlkit:image-labeling:17.0.7] AndroidManifest.xml:11:13-13:85
106                android:name="com.google.firebase.components:com.google.mlkit.vision.label.defaults.internal.BundledLabelRegistrar"
106-->[com.google.mlkit:image-labeling:17.0.7] AndroidManifest.xml:12:17-132
107                android:value="com.google.firebase.components.ComponentRegistrar" />
107-->[com.google.mlkit:image-labeling:17.0.7] AndroidManifest.xml:13:17-82
108            <meta-data
108-->[com.google.mlkit:image-labeling-custom:17.0.1] AndroidManifest.xml:11:13-13:85
109                android:name="com.google.firebase.components:com.google.mlkit.vision.label.custom.internal.CustomLabelRegistrar"
109-->[com.google.mlkit:image-labeling-custom:17.0.1] AndroidManifest.xml:12:17-129
110                android:value="com.google.firebase.components.ComponentRegistrar" />
110-->[com.google.mlkit:image-labeling-custom:17.0.1] AndroidManifest.xml:13:17-82
111            <meta-data
111-->[com.google.mlkit:segmentation-selfie:16.0.0-beta4] AndroidManifest.xml:12:13-14:85
112                android:name="com.google.firebase.components:com.google.mlkit.vision.segmentation.internal.SegmentationRegistrar"
112-->[com.google.mlkit:segmentation-selfie:16.0.0-beta4] AndroidManifest.xml:13:17-130
113                android:value="com.google.firebase.components.ComponentRegistrar" />
113-->[com.google.mlkit:segmentation-selfie:16.0.0-beta4] AndroidManifest.xml:14:17-82
114            <meta-data
114-->[com.google.mlkit:face-mesh-detection:16.0.0-beta1] AndroidManifest.xml:11:13-13:85
115                android:name="com.google.firebase.components:com.google.mlkit.vision.facemesh.internal.FaceMeshRegistrar"
115-->[com.google.mlkit:face-mesh-detection:16.0.0-beta1] AndroidManifest.xml:12:17-122
116                android:value="com.google.firebase.components.ComponentRegistrar" />
116-->[com.google.mlkit:face-mesh-detection:16.0.0-beta1] AndroidManifest.xml:13:17-82
117            <meta-data
117-->[com.google.android.gms:play-services-mlkit-barcode-scanning:18.0.0] AndroidManifest.xml:12:13-14:85
118                android:name="com.google.firebase.components:com.google.mlkit.vision.barcode.internal.BarcodeRegistrar"
118-->[com.google.android.gms:play-services-mlkit-barcode-scanning:18.0.0] AndroidManifest.xml:13:17-120
119                android:value="com.google.firebase.components.ComponentRegistrar" />
119-->[com.google.android.gms:play-services-mlkit-barcode-scanning:18.0.0] AndroidManifest.xml:14:17-82
120            <meta-data
120-->[com.google.mlkit:vision-internal-vkp:18.2.2] AndroidManifest.xml:14:13-16:85
121                android:name="com.google.firebase.components:com.google.mlkit.vision.vkp.VkpRegistrar"
121-->[com.google.mlkit:vision-internal-vkp:18.2.2] AndroidManifest.xml:15:17-103
122                android:value="com.google.firebase.components.ComponentRegistrar" />
122-->[com.google.mlkit:vision-internal-vkp:18.2.2] AndroidManifest.xml:16:17-82
123            <meta-data
123-->[com.google.android.gms:play-services-mlkit-face-detection:17.0.1] AndroidManifest.xml:12:13-14:85
124                android:name="com.google.firebase.components:com.google.mlkit.vision.face.internal.FaceRegistrar"
124-->[com.google.android.gms:play-services-mlkit-face-detection:17.0.1] AndroidManifest.xml:13:17-114
125                android:value="com.google.firebase.components.ComponentRegistrar" />
125-->[com.google.android.gms:play-services-mlkit-face-detection:17.0.1] AndroidManifest.xml:14:17-82
126            <meta-data
126-->[com.google.android.gms:play-services-mlkit-text-recognition-common:18.0.0] AndroidManifest.xml:12:13-14:85
127                android:name="com.google.firebase.components:com.google.mlkit.vision.text.internal.TextRegistrar"
127-->[com.google.android.gms:play-services-mlkit-text-recognition-common:18.0.0] AndroidManifest.xml:13:17-114
128                android:value="com.google.firebase.components.ComponentRegistrar" />
128-->[com.google.android.gms:play-services-mlkit-text-recognition-common:18.0.0] AndroidManifest.xml:14:17-82
129            <meta-data
129-->[com.google.mlkit:vision-common:17.2.1] AndroidManifest.xml:12:13-14:85
130                android:name="com.google.firebase.components:com.google.mlkit.vision.common.internal.VisionCommonRegistrar"
130-->[com.google.mlkit:vision-common:17.2.1] AndroidManifest.xml:13:17-124
131                android:value="com.google.firebase.components.ComponentRegistrar" />
131-->[com.google.mlkit:vision-common:17.2.1] AndroidManifest.xml:14:17-82
132            <meta-data
132-->[com.google.mlkit:common:18.5.0] AndroidManifest.xml:20:13-22:85
133                android:name="com.google.firebase.components:com.google.mlkit.common.internal.CommonComponentRegistrar"
133-->[com.google.mlkit:common:18.5.0] AndroidManifest.xml:21:17-120
134                android:value="com.google.firebase.components.ComponentRegistrar" />
134-->[com.google.mlkit:common:18.5.0] AndroidManifest.xml:22:17-82
135        </service>
136        <service
136-->[com.google.mlkit:acceleration:16.0.0-beta1] AndroidManifest.xml:8:9-11:68
137            android:name="com.google.mlkit.acceleration.internal.MlKitRemoteWorkerService"
137-->[com.google.mlkit:acceleration:16.0.0-beta1] AndroidManifest.xml:9:13-91
138            android:exported="false"
138-->[com.google.mlkit:acceleration:16.0.0-beta1] AndroidManifest.xml:10:13-37
139            android:process=":mlkit_acceleration_mini_benchmark" />
139-->[com.google.mlkit:acceleration:16.0.0-beta1] AndroidManifest.xml:11:13-65
140        <service
140-->[androidx.work:work-multiprocess:2.7.0] AndroidManifest.xml:25:9-27:40
141            android:name="androidx.work.multiprocess.RemoteWorkManagerService"
141-->[androidx.work:work-multiprocess:2.7.0] AndroidManifest.xml:26:13-79
142            android:exported="false" />
142-->[androidx.work:work-multiprocess:2.7.0] AndroidManifest.xml:27:13-37
143
144        <provider
144-->[com.google.mlkit:common:18.5.0] AndroidManifest.xml:9:9-13:38
145            android:name="com.google.mlkit.common.internal.MlKitInitProvider"
145-->[com.google.mlkit:common:18.5.0] AndroidManifest.xml:10:13-78
146            android:authorities="com.demo.mlkitinitprovider"
146-->[com.google.mlkit:common:18.5.0] AndroidManifest.xml:11:13-69
147            android:exported="false"
147-->[com.google.mlkit:common:18.5.0] AndroidManifest.xml:12:13-37
148            android:initOrder="99" />
148-->[com.google.mlkit:common:18.5.0] AndroidManifest.xml:13:13-35
149
150        <activity
150-->[com.google.android.gms:play-services-base:18.1.0] AndroidManifest.xml:20:9-22:45
151            android:name="com.google.android.gms.common.api.GoogleApiActivity"
151-->[com.google.android.gms:play-services-base:18.1.0] AndroidManifest.xml:20:19-85
152            android:exported="false"
152-->[com.google.android.gms:play-services-base:18.1.0] AndroidManifest.xml:22:19-43
153            android:theme="@android:style/Theme.Translucent.NoTitleBar" />
153-->[com.google.android.gms:play-services-base:18.1.0] AndroidManifest.xml:21:19-78
154
155        <provider
155-->[androidx.work:work-runtime:2.7.0] AndroidManifest.xml:31:9-39:20
156            android:name="androidx.startup.InitializationProvider"
156-->[androidx.work:work-runtime:2.7.0] AndroidManifest.xml:32:13-67
157            android:authorities="com.demo.androidx-startup"
157-->[androidx.work:work-runtime:2.7.0] AndroidManifest.xml:33:13-68
158            android:exported="false" >
158-->[androidx.work:work-runtime:2.7.0] AndroidManifest.xml:34:13-37
159            <meta-data
159-->[androidx.work:work-runtime:2.7.0] AndroidManifest.xml:36:13-38:52
160                android:name="androidx.work.WorkManagerInitializer"
160-->[androidx.work:work-runtime:2.7.0] AndroidManifest.xml:37:17-68
161                android:value="androidx.startup" />
161-->[androidx.work:work-runtime:2.7.0] AndroidManifest.xml:38:17-49
162        </provider>
163
164        <service
164-->[androidx.work:work-runtime:2.7.0] AndroidManifest.xml:41:9-46:35
165            android:name="androidx.work.impl.background.systemalarm.SystemAlarmService"
165-->[androidx.work:work-runtime:2.7.0] AndroidManifest.xml:42:13-88
166            android:directBootAware="false"
166-->[androidx.work:work-runtime:2.7.0] AndroidManifest.xml:43:13-44
167            android:enabled="@bool/enable_system_alarm_service_default"
167-->[androidx.work:work-runtime:2.7.0] AndroidManifest.xml:44:13-72
168            android:exported="false" />
168-->[androidx.work:work-runtime:2.7.0] AndroidManifest.xml:45:13-37
169        <service
169-->[androidx.work:work-runtime:2.7.0] AndroidManifest.xml:47:9-53:35
170            android:name="androidx.work.impl.background.systemjob.SystemJobService"
170-->[androidx.work:work-runtime:2.7.0] AndroidManifest.xml:48:13-84
171            android:directBootAware="false"
171-->[androidx.work:work-runtime:2.7.0] AndroidManifest.xml:49:13-44
172            android:enabled="@bool/enable_system_job_service_default"
172-->[androidx.work:work-runtime:2.7.0] AndroidManifest.xml:50:13-70
173            android:exported="true"
173-->[androidx.work:work-runtime:2.7.0] AndroidManifest.xml:51:13-36
174            android:permission="android.permission.BIND_JOB_SERVICE" />
174-->[androidx.work:work-runtime:2.7.0] AndroidManifest.xml:52:13-69
175        <service
175-->[androidx.work:work-runtime:2.7.0] AndroidManifest.xml:54:9-59:35
176            android:name="androidx.work.impl.foreground.SystemForegroundService"
176-->[androidx.work:work-runtime:2.7.0] AndroidManifest.xml:55:13-81
177            android:directBootAware="false"
177-->[androidx.work:work-runtime:2.7.0] AndroidManifest.xml:56:13-44
178            android:enabled="@bool/enable_system_foreground_service_default"
178-->[androidx.work:work-runtime:2.7.0] AndroidManifest.xml:57:13-77
179            android:exported="false" />
179-->[androidx.work:work-runtime:2.7.0] AndroidManifest.xml:58:13-37
180
181        <receiver
181-->[androidx.work:work-runtime:2.7.0] AndroidManifest.xml:61:9-66:35
182            android:name="androidx.work.impl.utils.ForceStopRunnable$BroadcastReceiver"
182-->[androidx.work:work-runtime:2.7.0] AndroidManifest.xml:62:13-88
183            android:directBootAware="false"
183-->[androidx.work:work-runtime:2.7.0] AndroidManifest.xml:63:13-44
184            android:enabled="true"
184-->[androidx.work:work-runtime:2.7.0] AndroidManifest.xml:64:13-35
185            android:exported="false" />
185-->[androidx.work:work-runtime:2.7.0] AndroidManifest.xml:65:13-37
186        <receiver
186-->[androidx.work:work-runtime:2.7.0] AndroidManifest.xml:67:9-77:20
187            android:name="androidx.work.impl.background.systemalarm.ConstraintProxy$BatteryChargingProxy"
187-->[androidx.work:work-runtime:2.7.0] AndroidManifest.xml:68:13-106
188            android:directBootAware="false"
188-->[androidx.work:work-runtime:2.7.0] AndroidManifest.xml:69:13-44
189            android:enabled="false"
189-->[androidx.work:work-runtime:2.7.0] AndroidManifest.xml:70:13-36
190            android:exported="false" >
190-->[androidx.work:work-runtime:2.7.0] AndroidManifest.xml:71:13-37
191            <intent-filter>
191-->[androidx.work:work-runtime:2.7.0] AndroidManifest.xml:73:13-76:29
192                <action android:name="android.intent.action.ACTION_POWER_CONNECTED" />
192-->[androidx.work:work-runtime:2.7.0] AndroidManifest.xml:74:17-87
192-->[androidx.work:work-runtime:2.7.0] AndroidManifest.xml:74:25-84
193                <action android:name="android.intent.action.ACTION_POWER_DISCONNECTED" />
193-->[androidx.work:work-runtime:2.7.0] AndroidManifest.xml:75:17-90
193-->[androidx.work:work-runtime:2.7.0] AndroidManifest.xml:75:25-87
194            </intent-filter>
195        </receiver>
196        <receiver
196-->[androidx.work:work-runtime:2.7.0] AndroidManifest.xml:78:9-88:20
197            android:name="androidx.work.impl.background.systemalarm.ConstraintProxy$BatteryNotLowProxy"
197-->[androidx.work:work-runtime:2.7.0] AndroidManifest.xml:79:13-104
198            android:directBootAware="false"
198-->[androidx.work:work-runtime:2.7.0] AndroidManifest.xml:80:13-44
199            android:enabled="false"
199-->[androidx.work:work-runtime:2.7.0] AndroidManifest.xml:81:13-36
200            android:exported="false" >
200-->[androidx.work:work-runtime:2.7.0] AndroidManifest.xml:82:13-37
201            <intent-filter>
201-->[androidx.work:work-runtime:2.7.0] AndroidManifest.xml:84:13-87:29
202                <action android:name="android.intent.action.BATTERY_OKAY" />
202-->[androidx.work:work-runtime:2.7.0] AndroidManifest.xml:85:17-77
202-->[androidx.work:work-runtime:2.7.0] AndroidManifest.xml:85:25-74
203                <action android:name="android.intent.action.BATTERY_LOW" />
203-->[androidx.work:work-runtime:2.7.0] AndroidManifest.xml:86:17-76
203-->[androidx.work:work-runtime:2.7.0] AndroidManifest.xml:86:25-73
204            </intent-filter>
205        </receiver>
206        <receiver
206-->[androidx.work:work-runtime:2.7.0] AndroidManifest.xml:89:9-99:20
207            android:name="androidx.work.impl.background.systemalarm.ConstraintProxy$StorageNotLowProxy"
207-->[androidx.work:work-runtime:2.7.0] AndroidManifest.xml:90:13-104
208            android:directBootAware="false"
208-->[androidx.work:work-runtime:2.7.0] AndroidManifest.xml:91:13-44
209            android:enabled="false"
209-->[androidx.work:work-runtime:2.7.0] AndroidManifest.xml:92:13-36
210            android:exported="false" >
210-->[androidx.work:work-runtime:2.7.0] AndroidManifest.xml:93:13-37
211            <intent-filter>
211-->[androidx.work:work-runtime:2.7.0] AndroidManifest.xml:95:13-98:29
212                <action android:name="android.intent.action.DEVICE_STORAGE_LOW" />
212-->[androidx.work:work-runtime:2.7.0] AndroidManifest.xml:96:17-83
212-->[androidx.work:work-runtime:2.7.0] AndroidManifest.xml:96:25-80
213                <action android:name="android.intent.action.DEVICE_STORAGE_OK" />
213-->[androidx.work:work-runtime:2.7.0] AndroidManifest.xml:97:17-82
213-->[androidx.work:work-runtime:2.7.0] AndroidManifest.xml:97:25-79
214            </intent-filter>
215        </receiver>
216        <receiver
216-->[androidx.work:work-runtime:2.7.0] AndroidManifest.xml:100:9-109:20
217            android:name="androidx.work.impl.background.systemalarm.ConstraintProxy$NetworkStateProxy"
217-->[androidx.work:work-runtime:2.7.0] AndroidManifest.xml:101:13-103
218            android:directBootAware="false"
218-->[androidx.work:work-runtime:2.7.0] AndroidManifest.xml:102:13-44
219            android:enabled="false"
219-->[androidx.work:work-runtime:2.7.0] AndroidManifest.xml:103:13-36
220            android:exported="false" >
220-->[androidx.work:work-runtime:2.7.0] AndroidManifest.xml:104:13-37
221            <intent-filter>
221-->[androidx.work:work-runtime:2.7.0] AndroidManifest.xml:106:13-108:29
222                <action android:name="android.net.conn.CONNECTIVITY_CHANGE" />
222-->[androidx.work:work-runtime:2.7.0] AndroidManifest.xml:107:17-79
222-->[androidx.work:work-runtime:2.7.0] AndroidManifest.xml:107:25-76
223            </intent-filter>
224        </receiver>
225        <receiver
225-->[androidx.work:work-runtime:2.7.0] AndroidManifest.xml:110:9-121:20
226            android:name="androidx.work.impl.background.systemalarm.RescheduleReceiver"
226-->[androidx.work:work-runtime:2.7.0] AndroidManifest.xml:111:13-88
227            android:directBootAware="false"
227-->[androidx.work:work-runtime:2.7.0] AndroidManifest.xml:112:13-44
228            android:enabled="false"
228-->[androidx.work:work-runtime:2.7.0] AndroidManifest.xml:113:13-36
229            android:exported="false" >
229-->[androidx.work:work-runtime:2.7.0] AndroidManifest.xml:114:13-37
230            <intent-filter>
230-->[androidx.work:work-runtime:2.7.0] AndroidManifest.xml:116:13-120:29
231                <action android:name="android.intent.action.BOOT_COMPLETED" />
231-->[androidx.work:work-runtime:2.7.0] AndroidManifest.xml:117:17-79
231-->[androidx.work:work-runtime:2.7.0] AndroidManifest.xml:117:25-76
232                <action android:name="android.intent.action.TIME_SET" />
232-->[androidx.work:work-runtime:2.7.0] AndroidManifest.xml:118:17-73
232-->[androidx.work:work-runtime:2.7.0] AndroidManifest.xml:118:25-70
233                <action android:name="android.intent.action.TIMEZONE_CHANGED" />
233-->[androidx.work:work-runtime:2.7.0] AndroidManifest.xml:119:17-81
233-->[androidx.work:work-runtime:2.7.0] AndroidManifest.xml:119:25-78
234            </intent-filter>
235        </receiver>
236        <receiver
236-->[androidx.work:work-runtime:2.7.0] AndroidManifest.xml:122:9-131:20
237            android:name="androidx.work.impl.background.systemalarm.ConstraintProxyUpdateReceiver"
237-->[androidx.work:work-runtime:2.7.0] AndroidManifest.xml:123:13-99
238            android:directBootAware="false"
238-->[androidx.work:work-runtime:2.7.0] AndroidManifest.xml:124:13-44
239            android:enabled="@bool/enable_system_alarm_service_default"
239-->[androidx.work:work-runtime:2.7.0] AndroidManifest.xml:125:13-72
240            android:exported="false" >
240-->[androidx.work:work-runtime:2.7.0] AndroidManifest.xml:126:13-37
241            <intent-filter>
241-->[androidx.work:work-runtime:2.7.0] AndroidManifest.xml:128:13-130:29
242                <action android:name="androidx.work.impl.background.systemalarm.UpdateProxies" />
242-->[androidx.work:work-runtime:2.7.0] AndroidManifest.xml:129:17-98
242-->[androidx.work:work-runtime:2.7.0] AndroidManifest.xml:129:25-95
243            </intent-filter>
244        </receiver>
245        <receiver
245-->[androidx.work:work-runtime:2.7.0] AndroidManifest.xml:132:9-142:20
246            android:name="androidx.work.impl.diagnostics.DiagnosticsReceiver"
246-->[androidx.work:work-runtime:2.7.0] AndroidManifest.xml:133:13-78
247            android:directBootAware="false"
247-->[androidx.work:work-runtime:2.7.0] AndroidManifest.xml:134:13-44
248            android:enabled="true"
248-->[androidx.work:work-runtime:2.7.0] AndroidManifest.xml:135:13-35
249            android:exported="true"
249-->[androidx.work:work-runtime:2.7.0] AndroidManifest.xml:136:13-36
250            android:permission="android.permission.DUMP" >
250-->[androidx.work:work-runtime:2.7.0] AndroidManifest.xml:137:13-57
251            <intent-filter>
251-->[androidx.work:work-runtime:2.7.0] AndroidManifest.xml:139:13-141:29
252                <action android:name="androidx.work.diagnostics.REQUEST_DIAGNOSTICS" />
252-->[androidx.work:work-runtime:2.7.0] AndroidManifest.xml:140:17-88
252-->[androidx.work:work-runtime:2.7.0] AndroidManifest.xml:140:25-85
253            </intent-filter>
254        </receiver>
255
256        <service
256-->[com.google.android.datatransport:transport-backend-cct:2.3.3] AndroidManifest.xml:29:9-35:19
257            android:name="com.google.android.datatransport.runtime.backends.TransportBackendDiscovery"
257-->[com.google.android.datatransport:transport-backend-cct:2.3.3] AndroidManifest.xml:30:13-103
258            android:exported="false" >
258-->[com.google.android.datatransport:transport-backend-cct:2.3.3] AndroidManifest.xml:31:13-37
259            <meta-data
259-->[com.google.android.datatransport:transport-backend-cct:2.3.3] AndroidManifest.xml:32:13-34:39
260                android:name="backend:com.google.android.datatransport.cct.CctBackendFactory"
260-->[com.google.android.datatransport:transport-backend-cct:2.3.3] AndroidManifest.xml:33:17-94
261                android:value="cct" />
261-->[com.google.android.datatransport:transport-backend-cct:2.3.3] AndroidManifest.xml:34:17-36
262        </service>
263        <service
263-->[com.google.android.datatransport:transport-runtime:2.2.6] AndroidManifest.xml:26:9-30:19
264            android:name="com.google.android.datatransport.runtime.scheduling.jobscheduling.JobInfoSchedulerService"
264-->[com.google.android.datatransport:transport-runtime:2.2.6] AndroidManifest.xml:27:13-117
265            android:exported="false"
265-->[com.google.android.datatransport:transport-runtime:2.2.6] AndroidManifest.xml:28:13-37
266            android:permission="android.permission.BIND_JOB_SERVICE" >
266-->[com.google.android.datatransport:transport-runtime:2.2.6] AndroidManifest.xml:29:13-69
267        </service>
268
269        <receiver
269-->[com.google.android.datatransport:transport-runtime:2.2.6] AndroidManifest.xml:32:9-34:40
270            android:name="com.google.android.datatransport.runtime.scheduling.jobscheduling.AlarmManagerSchedulerBroadcastReceiver"
270-->[com.google.android.datatransport:transport-runtime:2.2.6] AndroidManifest.xml:33:13-132
271            android:exported="false" />